2024-10-11 08:51:20 INFO  SoccerApplication:50 - Starting SoccerApplication using Java 23 with PID 10052 (C:\Users\jbernaldez\Downloads\Soccer\Soccer\target\classes started by jbernaldez in C:\Users\jbernaldez\Downloads\Soccer)
2024-10-11 08:51:20 INFO  SoccerApplication:654 - No active profile set, falling back to 1 default profile: "default"
2024-10-11 08:51:20 INFO  DevToolsPropertyDefaultsPostProcessor:252 - Devtools property defaults active! Set 'spring.devtools.add-properties' to 'false' to disable
2024-10-11 08:51:20 INFO  DevToolsPropertyDefaultsPostProcessor:252 - For additional web related logging consider setting the 'logging.level.web' property to 'DEBUG'
2024-10-11 08:51:21 INFO  RepositoryConfigurationDelegate:143 - Bootstrapping Spring Data JPA repositories in DEFAULT mode.
2024-10-11 08:51:21 INFO  RepositoryConfigurationDelegate:211 - Finished Spring Data repository scanning in 45 ms. Found 3 JPA repository interfaces.
2024-10-11 08:51:22 INFO  TomcatWebServer:111 - Tomcat initialized with port 8080 (http)
2024-10-11 08:51:22 INFO  Http11NioProtocol:173 - Initializing ProtocolHandler ["http-nio-8080"]
2024-10-11 08:51:22 INFO  StandardService:173 - Starting service [Tomcat]
2024-10-11 08:51:22 INFO  StandardEngine:173 - Starting Servlet engine: [Apache Tomcat/10.1.30]
2024-10-11 08:51:22 INFO  [/]:173 - Initializing Spring embedded WebApplicationContext
2024-10-11 08:51:22 INFO  ServletWebServerApplicationContext:296 - Root WebApplicationContext: initialization completed in 1928 ms
2024-10-11 08:51:22 INFO  LogHelper:31 - HHH000204: Processing PersistenceUnitInfo [name: default]
2024-10-11 08:51:23 INFO  Version:44 - HHH000412: Hibernate ORM core version 6.5.3.Final
2024-10-11 08:51:23 INFO  RegionFactoryInitiator:50 - HHH000026: Second-level cache disabled
2024-10-11 08:51:23 INFO  SpringPersistenceUnitInfo:87 - No LoadTimeWeaver setup: ignoring JPA class transformer
2024-10-11 08:51:23 INFO  HikariDataSource:109 - HikariPool-1 - Starting...
2024-10-11 08:51:24 INFO  HikariPool:554 - HikariPool-1 - Added connection com.mysql.cj.jdbc.ConnectionImpl@39b7b62a
2024-10-11 08:51:24 INFO  HikariDataSource:122 - HikariPool-1 - Start completed.
2024-10-11 08:51:24 WARN  deprecation:153 - HHH90000025: MySQLDialect does not need to be specified explicitly using 'hibernate.dialect' (remove the property setting and it will be selected by default)
2024-10-11 08:51:25 INFO  JtaPlatformInitiator:59 - HHH000489: No JTA platform available (set 'hibernate.transaction.jta.platform' to enable JTA platform integration)
2024-10-11 08:51:25 INFO  LocalContainerEntityManagerFactoryBean:437 - Initialized JPA EntityManagerFactory for persistence unit 'default'
2024-10-11 08:51:25 INFO  QueryEnhancerFactory:49 - Hibernate is in classpath; If applicable, HQL parser will be used.
2024-10-11 08:51:26 WARN  JpaBaseConfiguration$JpaWebConfiguration:236 - spring.jpa.open-in-view is enabled by default. Therefore, database queries may be performed during view rendering. Explicitly configure spring.jpa.open-in-view to disable this warning
2024-10-11 08:51:27 INFO  OptionalLiveReloadServer:59 - LiveReload server is running on port 35729
2024-10-11 08:51:27 INFO  Http11NioProtocol:173 - Starting ProtocolHandler ["http-nio-8080"]
2024-10-11 08:51:27 INFO  TomcatWebServer:243 - Tomcat started on port 8080 (http) with context path '/'
2024-10-11 08:51:27 INFO  SoccerApplication:56 - Started SoccerApplication in 7.113 seconds (process running for 9.482)
2024-10-11 08:51:32 INFO  LocalDevToolsAutoConfiguration$RestartingClassPathChangeChangedEventListener:211 - Restarting due to 28 class path changes (0 additions, 27 deletions, 1 modification)
2024-10-11 08:51:32 INFO  Http11NioProtocol:173 - Stopping ProtocolHandler ["http-nio-8080"]
2024-10-11 08:51:32 INFO  LocalContainerEntityManagerFactoryBean:650 - Closing JPA EntityManagerFactory for persistence unit 'default'
2024-10-11 08:51:32 INFO  HikariDataSource:349 - HikariPool-1 - Shutdown initiated...
2024-10-11 08:51:32 INFO  HikariDataSource:351 - HikariPool-1 - Shutdown completed.
2024-10-11 08:51:32 INFO  SoccerApplication:50 - Starting SoccerApplication using Java 23 with PID 10052 (C:\Users\jbernaldez\Downloads\Soccer\Soccer\target\classes started by jbernaldez in C:\Users\jbernaldez\Downloads\Soccer)
2024-10-11 08:51:32 INFO  SoccerApplication:654 - No active profile set, falling back to 1 default profile: "default"
2024-10-11 08:51:33 INFO  RepositoryConfigurationDelegate:143 - Bootstrapping Spring Data JPA repositories in DEFAULT mode.
2024-10-11 08:51:33 INFO  RepositoryConfigurationDelegate:211 - Finished Spring Data repository scanning in 1 ms. Found 0 JPA repository interfaces.
2024-10-11 08:51:33 INFO  TomcatWebServer:111 - Tomcat initialized with port 8080 (http)
2024-10-11 08:51:33 INFO  Http11NioProtocol:173 - Initializing ProtocolHandler ["http-nio-8080"]
2024-10-11 08:51:33 INFO  StandardService:173 - Starting service [Tomcat]
2024-10-11 08:51:33 INFO  StandardEngine:173 - Starting Servlet engine: [Apache Tomcat/10.1.30]
2024-10-11 08:51:33 INFO  [/]:173 - Initializing Spring embedded WebApplicationContext
2024-10-11 08:51:33 INFO  ServletWebServerApplicationContext:296 - Root WebApplicationContext: initialization completed in 840 ms
2024-10-11 08:51:33 INFO  LogHelper:31 - HHH000204: Processing PersistenceUnitInfo [name: default]
2024-10-11 08:51:33 INFO  RegionFactoryInitiator:50 - HHH000026: Second-level cache disabled
2024-10-11 08:51:33 INFO  SpringPersistenceUnitInfo:87 - No LoadTimeWeaver setup: ignoring JPA class transformer
2024-10-11 08:51:33 INFO  HikariDataSource:109 - HikariPool-2 - Starting...
2024-10-11 08:51:33 INFO  HikariPool:554 - HikariPool-2 - Added connection com.mysql.cj.jdbc.ConnectionImpl@4b55f7f9
2024-10-11 08:51:33 INFO  HikariDataSource:122 - HikariPool-2 - Start completed.
2024-10-11 08:51:33 WARN  deprecation:153 - HHH90000025: MySQLDialect does not need to be specified explicitly using 'hibernate.dialect' (remove the property setting and it will be selected by default)
2024-10-11 08:51:34 INFO  JtaPlatformInitiator:59 - HHH000489: No JTA platform available (set 'hibernate.transaction.jta.platform' to enable JTA platform integration)
2024-10-11 08:51:34 INFO  LocalContainerEntityManagerFactoryBean:437 - Initialized JPA EntityManagerFactory for persistence unit 'default'
2024-10-11 08:51:34 WARN  JpaBaseConfiguration$JpaWebConfiguration:236 - spring.jpa.open-in-view is enabled by default. Therefore, database queries may be performed during view rendering. Explicitly configure spring.jpa.open-in-view to disable this warning
2024-10-11 08:51:34 INFO  OptionalLiveReloadServer:59 - LiveReload server is running on port 35729
2024-10-11 08:51:34 INFO  Http11NioProtocol:173 - Starting ProtocolHandler ["http-nio-8080"]
2024-10-11 08:51:34 INFO  TomcatWebServer:243 - Tomcat started on port 8080 (http) with context path '/'
2024-10-11 08:51:34 INFO  SoccerApplication:56 - Started SoccerApplication in 1.909 seconds (process running for 16.977)
2024-10-11 08:51:34 INFO  ConditionEvaluationDeltaLoggingListener:58 - Condition evaluation delta:


==========================
CONDITION EVALUATION DELTA
==========================


Positive matches:
-----------------

    None


Negative matches:
-----------------

   MultipleOpenApiSupportConfiguration:
      Did not match:
         - AnyNestedCondition 0 matched 2 did not; NestedCondition on MultipleOpenApiSupportCondition.OnActuatorDifferentPort @ConditionalOnProperty (springdoc.show-actuator) did not find property 'springdoc.show-actuator'; NestedCondition on MultipleOpenApiSupportCondition.OnMultipleOpenApiSupportCondition AnyNestedCondition 0 matched 2 did not; NestedCondition on MultipleOpenApiGroupsCondition.OnGroupConfigProperty @ConditionalOnProperty (springdoc.group-configs[0].group) did not find property 'springdoc.group-configs[0].group'; NestedCondition on MultipleOpenApiGroupsCondition.OnGroupedOpenApiBean @ConditionalOnBean (types: org.springdoc.core.models.GroupedOpenApi; SearchStrategy: all) did not find any beans of type org.springdoc.core.models.GroupedOpenApi (MultipleOpenApiSupportCondition)
      Matched:
         - found 'session' scope (OnWebApplicationCondition)
         - @ConditionalOnProperty (springdoc.api-docs.enabled) matched (OnPropertyCondition)

   SpringDocConfiguration#springdocBeanFactoryPostProcessor:
      Did not match:
         - AnyNestedCondition 0 matched 2 did not; NestedCondition on CacheOrGroupedOpenApiCondition.OnCacheDisabled found non-matching nested conditions @ConditionalOnProperty (springdoc.cache.disabled) did not find property 'springdoc.cache.disabled'; NestedCondition on CacheOrGroupedOpenApiCondition.OnMultipleOpenApiSupportCondition AnyNestedCondition 0 matched 2 did not; NestedCondition on MultipleOpenApiSupportCondition.OnActuatorDifferentPort @ConditionalOnProperty (springdoc.show-actuator) did not find property 'springdoc.show-actuator'; NestedCondition on MultipleOpenApiSupportCondition.OnMultipleOpenApiSupportCondition AnyNestedCondition 0 matched 2 did not; NestedCondition on MultipleOpenApiGroupsCondition.OnGroupConfigProperty @ConditionalOnProperty (springdoc.group-configs[0].group) did not find property 'springdoc.group-configs[0].group'; NestedCondition on MultipleOpenApiGroupsCondition.OnGroupedOpenApiBean @ConditionalOnBean (types: org.springdoc.core.models.GroupedOpenApi; SearchStrategy: all) did not find any beans of type org.springdoc.core.models.GroupedOpenApi (CacheOrGroupedOpenApiCondition)
      Matched:
         - @ConditionalOnClass found required class 'org.springframework.boot.context.properties.bind.BindResult' (OnClassCondition)


Exclusions:
-----------

    None


Unconditional classes:
----------------------

    None



2024-10-11 08:51:34 INFO  [/]:173 - Initializing Spring DispatcherServlet 'dispatcherServlet'
2024-10-11 08:51:34 INFO  DispatcherServlet:532 - Initializing Servlet 'dispatcherServlet'
2024-10-11 08:51:34 INFO  DispatcherServlet:554 - Completed initialization in 1 ms
2024-10-11 08:51:35 INFO  AbstractOpenApiResource:371 - Init duration for springdoc-openapi is: 238 ms
2024-10-11 08:51:36 INFO  LocalDevToolsAutoConfiguration$RestartingClassPathChangeChangedEventListener:211 - Restarting due to 27 class path changes (27 additions, 0 deletions, 0 modifications)
2024-10-11 08:51:36 INFO  Http11NioProtocol:173 - Stopping ProtocolHandler ["http-nio-8080"]
2024-10-11 08:51:36 INFO  LocalContainerEntityManagerFactoryBean:650 - Closing JPA EntityManagerFactory for persistence unit 'default'
2024-10-11 08:51:36 INFO  HikariDataSource:349 - HikariPool-2 - Shutdown initiated...
2024-10-11 08:51:36 INFO  HikariDataSource:351 - HikariPool-2 - Shutdown completed.
2024-10-11 08:51:36 INFO  SoccerApplication:50 - Starting SoccerApplication using Java 23 with PID 10052 (C:\Users\jbernaldez\Downloads\Soccer\Soccer\target\classes started by jbernaldez in C:\Users\jbernaldez\Downloads\Soccer)
2024-10-11 08:51:36 INFO  SoccerApplication:654 - No active profile set, falling back to 1 default profile: "default"
2024-10-11 08:51:36 INFO  RepositoryConfigurationDelegate:143 - Bootstrapping Spring Data JPA repositories in DEFAULT mode.
2024-10-11 08:51:36 INFO  RepositoryConfigurationDelegate:211 - Finished Spring Data repository scanning in 20 ms. Found 3 JPA repository interfaces.
2024-10-11 08:51:37 INFO  TomcatWebServer:111 - Tomcat initialized with port 8080 (http)
2024-10-11 08:51:37 INFO  Http11NioProtocol:173 - Initializing ProtocolHandler ["http-nio-8080"]
2024-10-11 08:51:37 INFO  StandardService:173 - Starting service [Tomcat]
2024-10-11 08:51:37 INFO  StandardEngine:173 - Starting Servlet engine: [Apache Tomcat/10.1.30]
2024-10-11 08:51:37 INFO  [/]:173 - Initializing Spring embedded WebApplicationContext
2024-10-11 08:51:37 INFO  ServletWebServerApplicationContext:296 - Root WebApplicationContext: initialization completed in 891 ms
2024-10-11 08:51:37 INFO  LogHelper:31 - HHH000204: Processing PersistenceUnitInfo [name: default]
2024-10-11 08:51:37 INFO  RegionFactoryInitiator:50 - HHH000026: Second-level cache disabled
2024-10-11 08:51:37 INFO  SpringPersistenceUnitInfo:87 - No LoadTimeWeaver setup: ignoring JPA class transformer
2024-10-11 08:51:37 INFO  HikariDataSource:109 - HikariPool-3 - Starting...
2024-10-11 08:51:37 INFO  HikariPool:554 - HikariPool-3 - Added connection com.mysql.cj.jdbc.ConnectionImpl@438ec59
2024-10-11 08:51:37 INFO  HikariDataSource:122 - HikariPool-3 - Start completed.
2024-10-11 08:51:37 WARN  deprecation:153 - HHH90000025: MySQLDialect does not need to be specified explicitly using 'hibernate.dialect' (remove the property setting and it will be selected by default)
2024-10-11 08:51:37 INFO  JtaPlatformInitiator:59 - HHH000489: No JTA platform available (set 'hibernate.transaction.jta.platform' to enable JTA platform integration)
2024-10-11 08:51:37 INFO  LocalContainerEntityManagerFactoryBean:437 - Initialized JPA EntityManagerFactory for persistence unit 'default'
2024-10-11 08:51:37 WARN  JpaBaseConfiguration$JpaWebConfiguration:236 - spring.jpa.open-in-view is enabled by default. Therefore, database queries may be performed during view rendering. Explicitly configure spring.jpa.open-in-view to disable this warning
2024-10-11 08:51:37 INFO  OptionalLiveReloadServer:59 - LiveReload server is running on port 35729
2024-10-11 08:51:37 INFO  Http11NioProtocol:173 - Starting ProtocolHandler ["http-nio-8080"]
2024-10-11 08:51:37 INFO  TomcatWebServer:243 - Tomcat started on port 8080 (http) with context path '/'
2024-10-11 08:51:37 INFO  SoccerApplication:56 - Started SoccerApplication in 1.808 seconds (process running for 20.306)
2024-10-11 08:51:37 INFO  ConditionEvaluationDeltaLoggingListener:58 - Condition evaluation delta:


==========================
CONDITION EVALUATION DELTA
==========================


Positive matches:
-----------------

   MultipleOpenApiSupportConfiguration matched:
      - found 'session' scope (OnWebApplicationCondition)
      - @ConditionalOnProperty (springdoc.api-docs.enabled) matched (OnPropertyCondition)
      - AnyNestedCondition 1 matched 1 did not; NestedCondition on MultipleOpenApiSupportCondition.OnActuatorDifferentPort @ConditionalOnProperty (springdoc.show-actuator) did not find property 'springdoc.show-actuator'; NestedCondition on MultipleOpenApiSupportCondition.OnMultipleOpenApiSupportCondition AnyNestedCondition 1 matched 1 did not; NestedCondition on MultipleOpenApiGroupsCondition.OnGroupConfigProperty @ConditionalOnProperty (springdoc.group-configs[0].group) did not find property 'springdoc.group-configs[0].group'; NestedCondition on MultipleOpenApiGroupsCondition.OnGroupedOpenApiBean @ConditionalOnBean (types: org.springdoc.core.models.GroupedOpenApi; SearchStrategy: all) found bean 'publicApi' (MultipleOpenApiSupportCondition)

   MultipleOpenApiSupportConfiguration#multipleOpenApiResource matched:
      - @ConditionalOnProperty (springdoc.use-management-port=false) matched (OnPropertyCondition)
      - @ConditionalOnMissingBean (types: org.springdoc.webmvc.api.MultipleOpenApiWebMvcResource; SearchStrategy: all) did not find any beans (OnBeanCondition)

   SpringDocConfiguration#springdocBeanFactoryPostProcessor matched:
      - @ConditionalOnClass found required class 'org.springframework.boot.context.properties.bind.BindResult' (OnClassCondition)
      - AnyNestedCondition 1 matched 1 did not; NestedCondition on CacheOrGroupedOpenApiCondition.OnCacheDisabled found non-matching nested conditions @ConditionalOnProperty (springdoc.cache.disabled) did not find property 'springdoc.cache.disabled', @ConditionalOnMissingBean (types: org.springdoc.core.models.GroupedOpenApi; SearchStrategy: all) found beans of type 'org.springdoc.core.models.GroupedOpenApi' publicApi; NestedCondition on CacheOrGroupedOpenApiCondition.OnMultipleOpenApiSupportCondition AnyNestedCondition 1 matched 1 did not; NestedCondition on MultipleOpenApiSupportCondition.OnActuatorDifferentPort @ConditionalOnProperty (springdoc.show-actuator) did not find property 'springdoc.show-actuator'; NestedCondition on MultipleOpenApiSupportCondition.OnMultipleOpenApiSupportCondition AnyNestedCondition 1 matched 1 did not; NestedCondition on MultipleOpenApiGroupsCondition.OnGroupConfigProperty @ConditionalOnProperty (springdoc.group-configs[0].group) did not find property 'springdoc.group-configs[0].group'; NestedCondition on MultipleOpenApiGroupsCondition.OnGroupedOpenApiBean @ConditionalOnBean (types: org.springdoc.core.models.GroupedOpenApi; SearchStrategy: all) found bean 'publicApi' (CacheOrGroupedOpenApiCondition)


Negative matches:
-----------------

    None


Exclusions:
-----------

    None


Unconditional classes:
----------------------

    None



2024-10-11 08:52:09 INFO  LocalContainerEntityManagerFactoryBean:650 - Closing JPA EntityManagerFactory for persistence unit 'default'
2024-10-11 08:52:09 INFO  HikariDataSource:349 - HikariPool-3 - Shutdown initiated...
2024-10-11 08:52:09 INFO  HikariDataSource:351 - HikariPool-3 - Shutdown completed.
2024-10-11 08:52:20 INFO  SoccerApplication:50 - Starting SoccerApplication using Java 23 with PID 14444 (C:\Users\jbernaldez\Downloads\Soccer\Soccer\target\classes started by jbernaldez in C:\Users\jbernaldez\Downloads\Soccer)
2024-10-11 08:52:20 INFO  SoccerApplication:654 - No active profile set, falling back to 1 default profile: "default"
2024-10-11 08:52:20 INFO  DevToolsPropertyDefaultsPostProcessor:252 - Devtools property defaults active! Set 'spring.devtools.add-properties' to 'false' to disable
2024-10-11 08:52:20 INFO  DevToolsPropertyDefaultsPostProcessor:252 - For additional web related logging consider setting the 'logging.level.web' property to 'DEBUG'
2024-10-11 08:52:21 INFO  RepositoryConfigurationDelegate:143 - Bootstrapping Spring Data JPA repositories in DEFAULT mode.
2024-10-11 08:52:21 INFO  RepositoryConfigurationDelegate:211 - Finished Spring Data repository scanning in 49 ms. Found 3 JPA repository interfaces.
2024-10-11 08:52:22 INFO  TomcatWebServer:111 - Tomcat initialized with port 8080 (http)
2024-10-11 08:52:22 INFO  Http11NioProtocol:173 - Initializing ProtocolHandler ["http-nio-8080"]
2024-10-11 08:52:22 INFO  StandardService:173 - Starting service [Tomcat]
2024-10-11 08:52:22 INFO  StandardEngine:173 - Starting Servlet engine: [Apache Tomcat/10.1.30]
2024-10-11 08:52:22 INFO  [/]:173 - Initializing Spring embedded WebApplicationContext
2024-10-11 08:52:22 INFO  ServletWebServerApplicationContext:296 - Root WebApplicationContext: initialization completed in 1844 ms
2024-10-11 08:52:22 INFO  LogHelper:31 - HHH000204: Processing PersistenceUnitInfo [name: default]
2024-10-11 08:52:22 INFO  Version:44 - HHH000412: Hibernate ORM core version 6.5.3.Final
2024-10-11 08:52:22 INFO  RegionFactoryInitiator:50 - HHH000026: Second-level cache disabled
2024-10-11 08:52:22 INFO  SpringPersistenceUnitInfo:87 - No LoadTimeWeaver setup: ignoring JPA class transformer
2024-10-11 08:52:22 INFO  HikariDataSource:109 - HikariPool-1 - Starting...
2024-10-11 08:52:23 INFO  HikariPool:554 - HikariPool-1 - Added connection com.mysql.cj.jdbc.ConnectionImpl@76c78188
2024-10-11 08:52:23 INFO  HikariDataSource:122 - HikariPool-1 - Start completed.
2024-10-11 08:52:23 WARN  deprecation:153 - HHH90000025: MySQLDialect does not need to be specified explicitly using 'hibernate.dialect' (remove the property setting and it will be selected by default)
2024-10-11 08:52:24 INFO  JtaPlatformInitiator:59 - HHH000489: No JTA platform available (set 'hibernate.transaction.jta.platform' to enable JTA platform integration)
2024-10-11 08:52:24 INFO  LocalContainerEntityManagerFactoryBean:437 - Initialized JPA EntityManagerFactory for persistence unit 'default'
2024-10-11 08:52:24 INFO  QueryEnhancerFactory:49 - Hibernate is in classpath; If applicable, HQL parser will be used.
2024-10-11 08:52:25 WARN  JpaBaseConfiguration$JpaWebConfiguration:236 - spring.jpa.open-in-view is enabled by default. Therefore, database queries may be performed during view rendering. Explicitly configure spring.jpa.open-in-view to disable this warning
2024-10-11 08:52:26 INFO  OptionalLiveReloadServer:59 - LiveReload server is running on port 35729
2024-10-11 08:52:26 INFO  Http11NioProtocol:173 - Starting ProtocolHandler ["http-nio-8080"]
2024-10-11 08:52:26 INFO  TomcatWebServer:243 - Tomcat started on port 8080 (http) with context path '/'
2024-10-11 08:52:26 INFO  SoccerApplication:56 - Started SoccerApplication in 6.276 seconds (process running for 7.827)
2024-10-11 08:52:32 INFO  [/]:173 - Initializing Spring DispatcherServlet 'dispatcherServlet'
2024-10-11 08:52:32 INFO  DispatcherServlet:532 - Initializing Servlet 'dispatcherServlet'
2024-10-11 08:52:32 INFO  DispatcherServlet:554 - Completed initialization in 1 ms
2024-10-11 08:52:32 INFO  AbstractOpenApiResource:371 - Init duration for springdoc-openapi is: 328 ms
2024-10-11 08:52:51 INFO  CsvService:34 - Leyendo archivo CSV desde la ruta: C:\Users\jbernaldez\Desktop\datos\equipos.csv
2024-10-11 08:52:51 INFO  EquipoService:31 - Guardando equipos desde CSV.
2024-10-11 08:53:01 INFO  LocalContainerEntityManagerFactoryBean:650 - Closing JPA EntityManagerFactory for persistence unit 'default'
2024-10-11 08:53:02 INFO  HikariDataSource:349 - HikariPool-1 - Shutdown initiated...
2024-10-11 08:53:02 INFO  HikariDataSource:351 - HikariPool-1 - Shutdown completed.
2024-10-11 09:11:14 INFO  SoccerApplication:50 - Starting SoccerApplication using Java 23 with PID 6980 (C:\Users\jbernaldez\Downloads\Soccer\Soccer\target\classes started by jbernaldez in C:\Users\jbernaldez\Downloads\Soccer)
2024-10-11 09:11:14 INFO  SoccerApplication:654 - No active profile set, falling back to 1 default profile: "default"
2024-10-11 09:11:14 INFO  DevToolsPropertyDefaultsPostProcessor:252 - Devtools property defaults active! Set 'spring.devtools.add-properties' to 'false' to disable
2024-10-11 09:11:14 INFO  DevToolsPropertyDefaultsPostProcessor:252 - For additional web related logging consider setting the 'logging.level.web' property to 'DEBUG'
2024-10-11 09:11:15 INFO  RepositoryConfigurationDelegate:143 - Bootstrapping Spring Data JPA repositories in DEFAULT mode.
2024-10-11 09:11:15 INFO  RepositoryConfigurationDelegate:211 - Finished Spring Data repository scanning in 48 ms. Found 3 JPA repository interfaces.
2024-10-11 09:11:16 INFO  TomcatWebServer:111 - Tomcat initialized with port 8080 (http)
2024-10-11 09:11:16 INFO  Http11NioProtocol:173 - Initializing ProtocolHandler ["http-nio-8080"]
2024-10-11 09:11:16 INFO  StandardService:173 - Starting service [Tomcat]
2024-10-11 09:11:16 INFO  StandardEngine:173 - Starting Servlet engine: [Apache Tomcat/10.1.30]
2024-10-11 09:11:16 INFO  [/]:173 - Initializing Spring embedded WebApplicationContext
2024-10-11 09:11:16 INFO  ServletWebServerApplicationContext:296 - Root WebApplicationContext: initialization completed in 1892 ms
2024-10-11 09:11:16 INFO  LogHelper:31 - HHH000204: Processing PersistenceUnitInfo [name: default]
2024-10-11 09:11:16 INFO  Version:44 - HHH000412: Hibernate ORM core version 6.5.3.Final
2024-10-11 09:11:16 INFO  RegionFactoryInitiator:50 - HHH000026: Second-level cache disabled
2024-10-11 09:11:17 INFO  SpringPersistenceUnitInfo:87 - No LoadTimeWeaver setup: ignoring JPA class transformer
2024-10-11 09:11:17 INFO  HikariDataSource:109 - HikariPool-1 - Starting...
2024-10-11 09:11:17 INFO  HikariPool:554 - HikariPool-1 - Added connection com.mysql.cj.jdbc.ConnectionImpl@4c6c0ddb
2024-10-11 09:11:17 INFO  HikariDataSource:122 - HikariPool-1 - Start completed.
2024-10-11 09:11:17 WARN  deprecation:153 - HHH90000025: MySQLDialect does not need to be specified explicitly using 'hibernate.dialect' (remove the property setting and it will be selected by default)
2024-10-11 09:11:18 INFO  JtaPlatformInitiator:59 - HHH000489: No JTA platform available (set 'hibernate.transaction.jta.platform' to enable JTA platform integration)
2024-10-11 09:11:18 INFO  LocalContainerEntityManagerFactoryBean:437 - Initialized JPA EntityManagerFactory for persistence unit 'default'
2024-10-11 09:11:19 INFO  QueryEnhancerFactory:49 - Hibernate is in classpath; If applicable, HQL parser will be used.
2024-10-11 09:11:20 WARN  JpaBaseConfiguration$JpaWebConfiguration:236 - spring.jpa.open-in-view is enabled by default. Therefore, database queries may be performed during view rendering. Explicitly configure spring.jpa.open-in-view to disable this warning
2024-10-11 09:11:20 INFO  OptionalLiveReloadServer:59 - LiveReload server is running on port 35729
2024-10-11 09:11:20 INFO  Http11NioProtocol:173 - Starting ProtocolHandler ["http-nio-8080"]
2024-10-11 09:11:20 INFO  TomcatWebServer:243 - Tomcat started on port 8080 (http) with context path '/'
2024-10-11 09:11:20 INFO  SoccerApplication:56 - Started SoccerApplication in 6.721 seconds (process running for 8.438)
2024-10-11 09:11:40 INFO  [/]:173 - Initializing Spring DispatcherServlet 'dispatcherServlet'
2024-10-11 09:11:40 INFO  DispatcherServlet:532 - Initializing Servlet 'dispatcherServlet'
2024-10-11 09:11:40 INFO  DispatcherServlet:554 - Completed initialization in 1 ms
2024-10-11 09:11:40 INFO  CsvService:34 - Leyendo archivo CSV desde la ruta: C:\Users\jbernaldez\Desktop\datos\jugadores.csv
2024-10-11 09:11:40 INFO  JugadorService:28 - Guardando jugadores desde el CSV.
2024-10-11 09:11:40 INFO  JugadorService:49 - Jugadores guardados exitosamente.
2024-10-11 09:11:48 INFO  EquipoService:63 - Obteniendo lista de todos los equipos.
2024-10-11 09:14:49 INFO  LocalContainerEntityManagerFactoryBean:650 - Closing JPA EntityManagerFactory for persistence unit 'default'
2024-10-11 09:14:49 INFO  HikariDataSource:349 - HikariPool-1 - Shutdown initiated...
2024-10-11 09:14:49 INFO  HikariDataSource:351 - HikariPool-1 - Shutdown completed.
2024-10-11 10:05:27 INFO  SoccerApplication:50 - Starting SoccerApplication using Java 23 with PID 6376 (C:\Users\jbernaldez\Downloads\Soccer\Soccer\target\classes started by jbernaldez in C:\Users\jbernaldez\Downloads\Soccer)
2024-10-11 10:05:27 INFO  SoccerApplication:654 - No active profile set, falling back to 1 default profile: "default"
2024-10-11 10:05:27 INFO  DevToolsPropertyDefaultsPostProcessor:252 - Devtools property defaults active! Set 'spring.devtools.add-properties' to 'false' to disable
2024-10-11 10:05:27 INFO  DevToolsPropertyDefaultsPostProcessor:252 - For additional web related logging consider setting the 'logging.level.web' property to 'DEBUG'
2024-10-11 10:05:28 INFO  RepositoryConfigurationDelegate:143 - Bootstrapping Spring Data JPA repositories in DEFAULT mode.
2024-10-11 10:05:28 INFO  RepositoryConfigurationDelegate:211 - Finished Spring Data repository scanning in 51 ms. Found 3 JPA repository interfaces.
2024-10-11 10:05:29 INFO  TomcatWebServer:111 - Tomcat initialized with port 8080 (http)
2024-10-11 10:05:29 INFO  Http11NioProtocol:173 - Initializing ProtocolHandler ["http-nio-8080"]
2024-10-11 10:05:29 INFO  StandardService:173 - Starting service [Tomcat]
2024-10-11 10:05:29 INFO  StandardEngine:173 - Starting Servlet engine: [Apache Tomcat/10.1.30]
2024-10-11 10:05:29 INFO  [/]:173 - Initializing Spring embedded WebApplicationContext
2024-10-11 10:05:29 INFO  ServletWebServerApplicationContext:296 - Root WebApplicationContext: initialization completed in 1789 ms
2024-10-11 10:05:29 INFO  LogHelper:31 - HHH000204: Processing PersistenceUnitInfo [name: default]
2024-10-11 10:05:29 INFO  Version:44 - HHH000412: Hibernate ORM core version 6.5.3.Final
2024-10-11 10:05:29 INFO  RegionFactoryInitiator:50 - HHH000026: Second-level cache disabled
2024-10-11 10:05:30 INFO  SpringPersistenceUnitInfo:87 - No LoadTimeWeaver setup: ignoring JPA class transformer
2024-10-11 10:05:30 INFO  HikariDataSource:109 - HikariPool-1 - Starting...
2024-10-11 10:05:30 INFO  HikariPool:554 - HikariPool-1 - Added connection com.mysql.cj.jdbc.ConnectionImpl@5401b1f1
2024-10-11 10:05:30 INFO  HikariDataSource:122 - HikariPool-1 - Start completed.
2024-10-11 10:05:30 WARN  deprecation:153 - HHH90000025: MySQLDialect does not need to be specified explicitly using 'hibernate.dialect' (remove the property setting and it will be selected by default)
2024-10-11 10:05:31 INFO  JtaPlatformInitiator:59 - HHH000489: No JTA platform available (set 'hibernate.transaction.jta.platform' to enable JTA platform integration)
2024-10-11 10:05:31 INFO  LocalContainerEntityManagerFactoryBean:437 - Initialized JPA EntityManagerFactory for persistence unit 'default'
2024-10-11 10:05:32 INFO  QueryEnhancerFactory:49 - Hibernate is in classpath; If applicable, HQL parser will be used.
2024-10-11 10:05:32 WARN  JpaBaseConfiguration$JpaWebConfiguration:236 - spring.jpa.open-in-view is enabled by default. Therefore, database queries may be performed during view rendering. Explicitly configure spring.jpa.open-in-view to disable this warning
2024-10-11 10:05:33 INFO  OptionalLiveReloadServer:59 - LiveReload server is running on port 35729
2024-10-11 10:05:33 INFO  Http11NioProtocol:173 - Starting ProtocolHandler ["http-nio-8080"]
2024-10-11 10:05:33 INFO  TomcatWebServer:243 - Tomcat started on port 8080 (http) with context path '/'
2024-10-11 10:05:33 INFO  SoccerApplication:56 - Started SoccerApplication in 6.399 seconds (process running for 8.053)
2024-10-11 10:06:00 INFO  [/]:173 - Initializing Spring DispatcherServlet 'dispatcherServlet'
2024-10-11 10:06:00 INFO  DispatcherServlet:532 - Initializing Servlet 'dispatcherServlet'
2024-10-11 10:06:00 INFO  DispatcherServlet:554 - Completed initialization in 2 ms
2024-10-11 10:06:00 INFO  AbstractOpenApiResource:371 - Init duration for springdoc-openapi is: 328 ms
2024-10-11 10:08:53 INFO  CsvService:34 - Leyendo archivo CSV desde la ruta: C:\Users\jbernaldez\Desktop\datos\participaciones.csv
2024-10-11 10:08:53 INFO  ParticipacionService:42 - Guardando participaciones desde CSV.
2024-10-11 10:08:53 INFO  JugadorService:59 - Este es un mensaje informativo de prueba.
2024-10-11 10:08:53 INFO  EquipoService:52 - Este es un mensaje informativo de prueba.
2024-10-11 10:08:53 INFO  JugadorService:59 - Este es un mensaje informativo de prueba.
2024-10-11 10:08:53 INFO  EquipoService:52 - Este es un mensaje informativo de prueba.
2024-10-11 10:08:53 INFO  JugadorService:59 - Este es un mensaje informativo de prueba.
2024-10-11 10:08:53 INFO  EquipoService:52 - Este es un mensaje informativo de prueba.
2024-10-11 10:08:53 INFO  JugadorService:59 - Este es un mensaje informativo de prueba.
2024-10-11 10:08:53 INFO  EquipoService:52 - Este es un mensaje informativo de prueba.
2024-10-11 10:08:53 INFO  JugadorService:59 - Este es un mensaje informativo de prueba.
2024-10-11 10:08:53 INFO  EquipoService:52 - Este es un mensaje informativo de prueba.
2024-10-11 10:08:53 INFO  ParticipacionService:93 - Participaciones guardadas correctamente.
2024-10-11 10:09:02 INFO  CsvService:34 - Leyendo archivo CSV desde la ruta: C:\Users\jbernaldez\Desktop\datos\jugadores.csv
2024-10-11 10:09:02 INFO  JugadorService:28 - Guardando jugadores desde el CSV.
2024-10-11 10:09:02 ERROR JugadorService:52 - Error al guardar jugadores: 
java.lang.RuntimeException: El jugador Lionel Messi ya existe.
	at com.example.soccer.service.JugadorService.guardarJugadores(JugadorService.java:38) ~[classes/:?]
	at com.example.soccer.service.CsvService.procesarJugadores(CsvService.java:59) ~[classes/:?]
	at com.example.soccer.controller.CsvController.procesarCsvJugadores(CsvController.java:27) ~[classes/:?]
	at java.base/jdk.internal.reflect.DirectMethodHandleAccessor.invoke(DirectMethodHandleAccessor.java:103) ~[?:?]
	at java.base/java.lang.reflect.Method.invoke(Method.java:580) ~[?:?]
	at org.springframework.web.method.support.InvocableHandlerMethod.doInvoke(InvocableHandlerMethod.java:255) ~[spring-web-6.1.13.jar:6.1.13]
	at org.springframework.web.method.support.InvocableHandlerMethod.invokeForRequest(InvocableHandlerMethod.java:188) ~[spring-web-6.1.13.jar:6.1.13]
	at org.springframework.web.servlet.mvc.method.annotation.ServletInvocableHandlerMethod.invokeAndHandle(ServletInvocableHandlerMethod.java:118) ~[spring-webmvc-6.1.13.jar:6.1.13]
	at org.springframework.web.servlet.mvc.method.annotation.RequestMappingHandlerAdapter.invokeHandlerMethod(RequestMappingHandlerAdapter.java:926) ~[spring-webmvc-6.1.13.jar:6.1.13]
	at org.springframework.web.servlet.mvc.method.annotation.RequestMappingHandlerAdapter.handleInternal(RequestMappingHandlerAdapter.java:831) ~[spring-webmvc-6.1.13.jar:6.1.13]
	at org.springframework.web.servlet.mvc.method.AbstractHandlerMethodAdapter.handle(AbstractHandlerMethodAdapter.java:87) ~[spring-webmvc-6.1.13.jar:6.1.13]
	at org.springframework.web.servlet.DispatcherServlet.doDispatch(DispatcherServlet.java:1089) ~[spring-webmvc-6.1.13.jar:6.1.13]
	at org.springframework.web.servlet.DispatcherServlet.doService(DispatcherServlet.java:979) ~[spring-webmvc-6.1.13.jar:6.1.13]
	at org.springframework.web.servlet.FrameworkServlet.processRequest(FrameworkServlet.java:1014) ~[spring-webmvc-6.1.13.jar:6.1.13]
	at org.springframework.web.servlet.FrameworkServlet.doGet(FrameworkServlet.java:903) ~[spring-webmvc-6.1.13.jar:6.1.13]
	at jakarta.servlet.http.HttpServlet.service(HttpServlet.java:564) ~[tomcat-embed-core-10.1.30.jar:6.0]
	at org.springframework.web.servlet.FrameworkServlet.service(FrameworkServlet.java:885) ~[spring-webmvc-6.1.13.jar:6.1.13]
	at jakarta.servlet.http.HttpServlet.service(HttpServlet.java:658) ~[tomcat-embed-core-10.1.30.jar:6.0]
	at org.apache.catalina.core.ApplicationFilterChain.internalDoFilter(ApplicationFilterChain.java:195) ~[tomcat-embed-core-10.1.30.jar:10.1.30]
	at org.apache.catalina.core.ApplicationFilterChain.doFilter(ApplicationFilterChain.java:140) ~[tomcat-embed-core-10.1.30.jar:10.1.30]
	at org.apache.tomcat.websocket.server.WsFilter.doFilter(WsFilter.java:51) ~[tomcat-embed-websocket-10.1.30.jar:10.1.30]
	at org.apache.catalina.core.ApplicationFilterChain.internalDoFilter(ApplicationFilterChain.java:164) ~[tomcat-embed-core-10.1.30.jar:10.1.30]
	at org.apache.catalina.core.ApplicationFilterChain.doFilter(ApplicationFilterChain.java:140) ~[tomcat-embed-core-10.1.30.jar:10.1.30]
	at org.springframework.web.filter.RequestContextFilter.doFilterInternal(RequestContextFilter.java:100) ~[spring-web-6.1.13.jar:6.1.13]
	at org.springframework.web.filter.OncePerRequestFilter.doFilter(OncePerRequestFilter.java:116) ~[spring-web-6.1.13.jar:6.1.13]
	at org.apache.catalina.core.ApplicationFilterChain.internalDoFilter(ApplicationFilterChain.java:164) ~[tomcat-embed-core-10.1.30.jar:10.1.30]
	at org.apache.catalina.core.ApplicationFilterChain.doFilter(ApplicationFilterChain.java:140) ~[tomcat-embed-core-10.1.30.jar:10.1.30]
	at org.springframework.web.filter.FormContentFilter.doFilterInternal(FormContentFilter.java:93) ~[spring-web-6.1.13.jar:6.1.13]
	at org.springframework.web.filter.OncePerRequestFilter.doFilter(OncePerRequestFilter.java:116) ~[spring-web-6.1.13.jar:6.1.13]
	at org.apache.catalina.core.ApplicationFilterChain.internalDoFilter(ApplicationFilterChain.java:164) ~[tomcat-embed-core-10.1.30.jar:10.1.30]
	at org.apache.catalina.core.ApplicationFilterChain.doFilter(ApplicationFilterChain.java:140) ~[tomcat-embed-core-10.1.30.jar:10.1.30]
	at org.springframework.web.filter.CharacterEncodingFilter.doFilterInternal(CharacterEncodingFilter.java:201) ~[spring-web-6.1.13.jar:6.1.13]
	at org.springframework.web.filter.OncePerRequestFilter.doFilter(OncePerRequestFilter.java:116) ~[spring-web-6.1.13.jar:6.1.13]
	at org.apache.catalina.core.ApplicationFilterChain.internalDoFilter(ApplicationFilterChain.java:164) ~[tomcat-embed-core-10.1.30.jar:10.1.30]
	at org.apache.catalina.core.ApplicationFilterChain.doFilter(ApplicationFilterChain.java:140) ~[tomcat-embed-core-10.1.30.jar:10.1.30]
	at org.apache.catalina.core.StandardWrapperValve.invoke(StandardWrapperValve.java:167) ~[tomcat-embed-core-10.1.30.jar:10.1.30]
	at org.apache.catalina.core.StandardContextValve.invoke(StandardContextValve.java:90) ~[tomcat-embed-core-10.1.30.jar:10.1.30]
	at org.apache.catalina.authenticator.AuthenticatorBase.invoke(AuthenticatorBase.java:483) ~[tomcat-embed-core-10.1.30.jar:10.1.30]
	at org.apache.catalina.core.StandardHostValve.invoke(StandardHostValve.java:115) ~[tomcat-embed-core-10.1.30.jar:10.1.30]
	at org.apache.catalina.valves.ErrorReportValve.invoke(ErrorReportValve.java:93) ~[tomcat-embed-core-10.1.30.jar:10.1.30]
	at org.apache.catalina.core.StandardEngineValve.invoke(StandardEngineValve.java:74) ~[tomcat-embed-core-10.1.30.jar:10.1.30]
	at org.apache.catalina.connector.CoyoteAdapter.service(CoyoteAdapter.java:344) ~[tomcat-embed-core-10.1.30.jar:10.1.30]
	at org.apache.coyote.http11.Http11Processor.service(Http11Processor.java:384) ~[tomcat-embed-core-10.1.30.jar:10.1.30]
	at org.apache.coyote.AbstractProcessorLight.process(AbstractProcessorLight.java:63) ~[tomcat-embed-core-10.1.30.jar:10.1.30]
	at org.apache.coyote.AbstractProtocol$ConnectionHandler.process(AbstractProtocol.java:905) ~[tomcat-embed-core-10.1.30.jar:10.1.30]
	at org.apache.tomcat.util.net.NioEndpoint$SocketProcessor.doRun(NioEndpoint.java:1741) ~[tomcat-embed-core-10.1.30.jar:10.1.30]
	at org.apache.tomcat.util.net.SocketProcessorBase.run(SocketProcessorBase.java:52) ~[tomcat-embed-core-10.1.30.jar:10.1.30]
	at org.apache.tomcat.util.threads.ThreadPoolExecutor.runWorker(ThreadPoolExecutor.java:1190) ~[tomcat-embed-core-10.1.30.jar:10.1.30]
	at org.apache.tomcat.util.threads.ThreadPoolExecutor$Worker.run(ThreadPoolExecutor.java:659) ~[tomcat-embed-core-10.1.30.jar:10.1.30]
	at org.apache.tomcat.util.threads.TaskThread$WrappingRunnable.run(TaskThread.java:63) ~[tomcat-embed-core-10.1.30.jar:10.1.30]
	at java.base/java.lang.Thread.run(Thread.java:1575) [?:?]
2024-10-11 10:10:48 INFO  LocalContainerEntityManagerFactoryBean:650 - Closing JPA EntityManagerFactory for persistence unit 'default'
2024-10-11 10:10:48 INFO  HikariDataSource:349 - HikariPool-1 - Shutdown initiated...
2024-10-11 10:10:48 INFO  HikariDataSource:351 - HikariPool-1 - Shutdown completed.
2024-10-11 10:10:51 INFO  SoccerApplication:50 - Starting SoccerApplication using Java 23 with PID 8 (C:\Users\jbernaldez\Downloads\Soccer\Soccer\target\classes started by jbernaldez in C:\Users\jbernaldez\Downloads\Soccer)
2024-10-11 10:10:51 INFO  SoccerApplication:654 - No active profile set, falling back to 1 default profile: "default"
2024-10-11 10:10:51 INFO  DevToolsPropertyDefaultsPostProcessor:252 - Devtools property defaults active! Set 'spring.devtools.add-properties' to 'false' to disable
2024-10-11 10:10:51 INFO  DevToolsPropertyDefaultsPostProcessor:252 - For additional web related logging consider setting the 'logging.level.web' property to 'DEBUG'
2024-10-11 10:10:52 INFO  RepositoryConfigurationDelegate:143 - Bootstrapping Spring Data JPA repositories in DEFAULT mode.
2024-10-11 10:10:52 INFO  RepositoryConfigurationDelegate:211 - Finished Spring Data repository scanning in 46 ms. Found 3 JPA repository interfaces.
2024-10-11 10:10:53 INFO  TomcatWebServer:111 - Tomcat initialized with port 8080 (http)
2024-10-11 10:10:53 INFO  Http11NioProtocol:173 - Initializing ProtocolHandler ["http-nio-8080"]
2024-10-11 10:10:53 INFO  StandardService:173 - Starting service [Tomcat]
2024-10-11 10:10:53 INFO  StandardEngine:173 - Starting Servlet engine: [Apache Tomcat/10.1.30]
2024-10-11 10:10:53 INFO  [/]:173 - Initializing Spring embedded WebApplicationContext
2024-10-11 10:10:53 INFO  ServletWebServerApplicationContext:296 - Root WebApplicationContext: initialization completed in 1686 ms
2024-10-11 10:10:53 INFO  LogHelper:31 - HHH000204: Processing PersistenceUnitInfo [name: default]
2024-10-11 10:10:53 INFO  Version:44 - HHH000412: Hibernate ORM core version 6.5.3.Final
2024-10-11 10:10:53 INFO  RegionFactoryInitiator:50 - HHH000026: Second-level cache disabled
2024-10-11 10:10:53 INFO  SpringPersistenceUnitInfo:87 - No LoadTimeWeaver setup: ignoring JPA class transformer
2024-10-11 10:10:53 INFO  HikariDataSource:109 - HikariPool-1 - Starting...
2024-10-11 10:10:54 INFO  HikariPool:554 - HikariPool-1 - Added connection com.mysql.cj.jdbc.ConnectionImpl@1ba12eb4
2024-10-11 10:10:54 INFO  HikariDataSource:122 - HikariPool-1 - Start completed.
2024-10-11 10:10:54 WARN  deprecation:153 - HHH90000025: MySQLDialect does not need to be specified explicitly using 'hibernate.dialect' (remove the property setting and it will be selected by default)
2024-10-11 10:10:55 INFO  JtaPlatformInitiator:59 - HHH000489: No JTA platform available (set 'hibernate.transaction.jta.platform' to enable JTA platform integration)
2024-10-11 10:10:55 INFO  LocalContainerEntityManagerFactoryBean:437 - Initialized JPA EntityManagerFactory for persistence unit 'default'
2024-10-11 10:10:55 INFO  QueryEnhancerFactory:49 - Hibernate is in classpath; If applicable, HQL parser will be used.
2024-10-11 10:10:56 WARN  JpaBaseConfiguration$JpaWebConfiguration:236 - spring.jpa.open-in-view is enabled by default. Therefore, database queries may be performed during view rendering. Explicitly configure spring.jpa.open-in-view to disable this warning
2024-10-11 10:10:57 INFO  OptionalLiveReloadServer:59 - LiveReload server is running on port 35729
2024-10-11 10:10:57 INFO  Http11NioProtocol:173 - Starting ProtocolHandler ["http-nio-8080"]
2024-10-11 10:10:57 INFO  TomcatWebServer:243 - Tomcat started on port 8080 (http) with context path '/'
2024-10-11 10:10:57 INFO  SoccerApplication:56 - Started SoccerApplication in 6.189 seconds (process running for 7.661)
2024-10-11 10:12:59 INFO  LocalContainerEntityManagerFactoryBean:650 - Closing JPA EntityManagerFactory for persistence unit 'default'
2024-10-11 10:12:59 INFO  HikariDataSource:349 - HikariPool-1 - Shutdown initiated...
2024-10-11 10:12:59 INFO  HikariDataSource:351 - HikariPool-1 - Shutdown completed.
2024-10-11 10:18:30 INFO  SoccerApplication:50 - Starting SoccerApplication using Java 23 with PID 9548 (C:\Users\jbernaldez\Desktop\Soccer\Soccer\target\classes started by jbernaldez in C:\Users\jbernaldez\Desktop\Soccer)
2024-10-11 10:18:30 INFO  SoccerApplication:654 - No active profile set, falling back to 1 default profile: "default"
2024-10-11 10:18:30 INFO  DevToolsPropertyDefaultsPostProcessor:252 - Devtools property defaults active! Set 'spring.devtools.add-properties' to 'false' to disable
2024-10-11 10:18:30 INFO  DevToolsPropertyDefaultsPostProcessor:252 - For additional web related logging consider setting the 'logging.level.web' property to 'DEBUG'
2024-10-11 10:18:31 INFO  RepositoryConfigurationDelegate:143 - Bootstrapping Spring Data JPA repositories in DEFAULT mode.
2024-10-11 10:18:31 INFO  RepositoryConfigurationDelegate:211 - Finished Spring Data repository scanning in 60 ms. Found 3 JPA repository interfaces.
2024-10-11 10:18:32 INFO  TomcatWebServer:111 - Tomcat initialized with port 8080 (http)
2024-10-11 10:18:32 INFO  Http11NioProtocol:173 - Initializing ProtocolHandler ["http-nio-8080"]
2024-10-11 10:18:32 INFO  StandardService:173 - Starting service [Tomcat]
2024-10-11 10:18:32 INFO  StandardEngine:173 - Starting Servlet engine: [Apache Tomcat/10.1.30]
2024-10-11 10:18:32 INFO  [/]:173 - Initializing Spring embedded WebApplicationContext
2024-10-11 10:18:32 INFO  ServletWebServerApplicationContext:296 - Root WebApplicationContext: initialization completed in 2039 ms
2024-10-11 10:18:33 INFO  LogHelper:31 - HHH000204: Processing PersistenceUnitInfo [name: default]
2024-10-11 10:18:33 INFO  Version:44 - HHH000412: Hibernate ORM core version 6.5.3.Final
2024-10-11 10:18:33 INFO  RegionFactoryInitiator:50 - HHH000026: Second-level cache disabled
2024-10-11 10:18:33 INFO  SpringPersistenceUnitInfo:87 - No LoadTimeWeaver setup: ignoring JPA class transformer
2024-10-11 10:18:33 INFO  HikariDataSource:109 - HikariPool-1 - Starting...
2024-10-11 10:18:34 INFO  HikariPool:554 - HikariPool-1 - Added connection com.mysql.cj.jdbc.ConnectionImpl@5e12a3ec
2024-10-11 10:18:34 INFO  HikariDataSource:122 - HikariPool-1 - Start completed.
2024-10-11 10:18:34 WARN  deprecation:153 - HHH90000025: MySQLDialect does not need to be specified explicitly using 'hibernate.dialect' (remove the property setting and it will be selected by default)
2024-10-11 10:18:35 INFO  JtaPlatformInitiator:59 - HHH000489: No JTA platform available (set 'hibernate.transaction.jta.platform' to enable JTA platform integration)
2024-10-11 10:18:35 INFO  LocalContainerEntityManagerFactoryBean:437 - Initialized JPA EntityManagerFactory for persistence unit 'default'
2024-10-11 10:18:35 INFO  QueryEnhancerFactory:49 - Hibernate is in classpath; If applicable, HQL parser will be used.
2024-10-11 10:18:36 WARN  JpaBaseConfiguration$JpaWebConfiguration:236 - spring.jpa.open-in-view is enabled by default. Therefore, database queries may be performed during view rendering. Explicitly configure spring.jpa.open-in-view to disable this warning
2024-10-11 10:18:37 INFO  OptionalLiveReloadServer:59 - LiveReload server is running on port 35729
2024-10-11 10:18:37 INFO  Http11NioProtocol:173 - Starting ProtocolHandler ["http-nio-8080"]
2024-10-11 10:18:37 INFO  TomcatWebServer:243 - Tomcat started on port 8080 (http) with context path '/'
2024-10-11 10:18:37 INFO  SoccerApplication:56 - Started SoccerApplication in 7.281 seconds (process running for 9.361)
2024-10-11 10:18:46 INFO  LocalContainerEntityManagerFactoryBean:650 - Closing JPA EntityManagerFactory for persistence unit 'default'
2024-10-11 10:18:46 INFO  HikariDataSource:349 - HikariPool-1 - Shutdown initiated...
2024-10-11 10:18:46 INFO  HikariDataSource:351 - HikariPool-1 - Shutdown completed.
2024-10-11 10:50:09 INFO  SoccerApplication:50 - Starting SoccerApplication using Java 23 with PID 6468 (C:\Users\jbernaldez\Desktop\Soccer\Soccer\target\classes started by jbernaldez in C:\Users\jbernaldez\Desktop\Soccer)
2024-10-11 10:50:09 INFO  SoccerApplication:654 - No active profile set, falling back to 1 default profile: "default"
2024-10-11 10:50:09 INFO  DevToolsPropertyDefaultsPostProcessor:252 - Devtools property defaults active! Set 'spring.devtools.add-properties' to 'false' to disable
2024-10-11 10:50:09 INFO  DevToolsPropertyDefaultsPostProcessor:252 - For additional web related logging consider setting the 'logging.level.web' property to 'DEBUG'
2024-10-11 10:50:10 INFO  RepositoryConfigurationDelegate:143 - Bootstrapping Spring Data JPA repositories in DEFAULT mode.
2024-10-11 10:50:10 INFO  RepositoryConfigurationDelegate:211 - Finished Spring Data repository scanning in 57 ms. Found 3 JPA repository interfaces.
2024-10-11 10:50:11 INFO  TomcatWebServer:111 - Tomcat initialized with port 8080 (http)
2024-10-11 10:50:11 INFO  Http11NioProtocol:173 - Initializing ProtocolHandler ["http-nio-8080"]
2024-10-11 10:50:11 INFO  StandardService:173 - Starting service [Tomcat]
2024-10-11 10:50:11 INFO  StandardEngine:173 - Starting Servlet engine: [Apache Tomcat/10.1.30]
2024-10-11 10:50:11 INFO  [/]:173 - Initializing Spring embedded WebApplicationContext
2024-10-11 10:50:11 INFO  ServletWebServerApplicationContext:296 - Root WebApplicationContext: initialization completed in 2045 ms
2024-10-11 10:50:11 INFO  LogHelper:31 - HHH000204: Processing PersistenceUnitInfo [name: default]
2024-10-11 10:50:11 INFO  Version:44 - HHH000412: Hibernate ORM core version 6.5.3.Final
2024-10-11 10:50:12 INFO  RegionFactoryInitiator:50 - HHH000026: Second-level cache disabled
2024-10-11 10:50:12 INFO  SpringPersistenceUnitInfo:87 - No LoadTimeWeaver setup: ignoring JPA class transformer
2024-10-11 10:50:12 INFO  HikariDataSource:109 - HikariPool-1 - Starting...
2024-10-11 10:50:13 INFO  HikariPool:554 - HikariPool-1 - Added connection com.mysql.cj.jdbc.ConnectionImpl@44c66313
2024-10-11 10:50:13 INFO  HikariDataSource:122 - HikariPool-1 - Start completed.
2024-10-11 10:50:13 WARN  deprecation:153 - HHH90000025: MySQLDialect does not need to be specified explicitly using 'hibernate.dialect' (remove the property setting and it will be selected by default)
2024-10-11 10:50:14 INFO  JtaPlatformInitiator:59 - HHH000489: No JTA platform available (set 'hibernate.transaction.jta.platform' to enable JTA platform integration)
2024-10-11 10:50:14 INFO  LocalContainerEntityManagerFactoryBean:437 - Initialized JPA EntityManagerFactory for persistence unit 'default'
2024-10-11 10:50:14 INFO  QueryEnhancerFactory:49 - Hibernate is in classpath; If applicable, HQL parser will be used.
2024-10-11 10:50:15 WARN  JpaBaseConfiguration$JpaWebConfiguration:236 - spring.jpa.open-in-view is enabled by default. Therefore, database queries may be performed during view rendering. Explicitly configure spring.jpa.open-in-view to disable this warning
2024-10-11 10:50:16 INFO  OptionalLiveReloadServer:59 - LiveReload server is running on port 35729
2024-10-11 10:50:16 INFO  Http11NioProtocol:173 - Starting ProtocolHandler ["http-nio-8080"]
2024-10-11 10:50:16 INFO  TomcatWebServer:243 - Tomcat started on port 8080 (http) with context path '/'
2024-10-11 10:50:16 INFO  SoccerApplication:56 - Started SoccerApplication in 7.301 seconds (process running for 9.914)
2024-10-11 10:50:47 INFO  LocalContainerEntityManagerFactoryBean:650 - Closing JPA EntityManagerFactory for persistence unit 'default'
2024-10-11 10:50:47 INFO  HikariDataSource:349 - HikariPool-1 - Shutdown initiated...
2024-10-11 10:50:47 INFO  HikariDataSource:351 - HikariPool-1 - Shutdown completed.
2024-10-14 17:35:13 INFO  SoccerApplication:50 - Starting SoccerApplication using Java 23 with PID 8012 (C:\Users\User\Desktop\Soccer\Soccer\target\classes started by User in C:\Users\User\Desktop\Soccer)
2024-10-14 17:35:13 INFO  SoccerApplication:654 - No active profile set, falling back to 1 default profile: "default"
2024-10-14 17:35:13 INFO  DevToolsPropertyDefaultsPostProcessor:252 - Devtools property defaults active! Set 'spring.devtools.add-properties' to 'false' to disable
2024-10-14 17:35:13 INFO  DevToolsPropertyDefaultsPostProcessor:252 - For additional web related logging consider setting the 'logging.level.web' property to 'DEBUG'
2024-10-14 17:35:13 INFO  RepositoryConfigurationDelegate:143 - Bootstrapping Spring Data JPA repositories in DEFAULT mode.
2024-10-14 17:35:13 INFO  RepositoryConfigurationDelegate:211 - Finished Spring Data repository scanning in 33 ms. Found 3 JPA repository interfaces.
2024-10-14 17:35:14 INFO  TomcatWebServer:111 - Tomcat initialized with port 8080 (http)
2024-10-14 17:35:14 INFO  Http11NioProtocol:173 - Initializing ProtocolHandler ["http-nio-8080"]
2024-10-14 17:35:14 INFO  StandardService:173 - Starting service [Tomcat]
2024-10-14 17:35:14 INFO  StandardEngine:173 - Starting Servlet engine: [Apache Tomcat/10.1.30]
2024-10-14 17:35:14 INFO  [/]:173 - Initializing Spring embedded WebApplicationContext
2024-10-14 17:35:14 INFO  ServletWebServerApplicationContext:296 - Root WebApplicationContext: initialization completed in 1098 ms
2024-10-14 17:35:14 INFO  LogHelper:31 - HHH000204: Processing PersistenceUnitInfo [name: default]
2024-10-14 17:35:14 INFO  Version:44 - HHH000412: Hibernate ORM core version 6.5.3.Final
2024-10-14 17:35:14 INFO  RegionFactoryInitiator:50 - HHH000026: Second-level cache disabled
2024-10-14 17:35:14 INFO  SpringPersistenceUnitInfo:87 - No LoadTimeWeaver setup: ignoring JPA class transformer
2024-10-14 17:35:14 INFO  HikariDataSource:109 - HikariPool-1 - Starting...
2024-10-14 17:35:15 INFO  HikariPool:554 - HikariPool-1 - Added connection com.mysql.cj.jdbc.ConnectionImpl@115268d2
2024-10-14 17:35:15 INFO  HikariDataSource:122 - HikariPool-1 - Start completed.
2024-10-14 17:35:15 WARN  deprecation:153 - HHH90000025: MySQLDialect does not need to be specified explicitly using 'hibernate.dialect' (remove the property setting and it will be selected by default)
2024-10-14 17:35:16 INFO  JtaPlatformInitiator:59 - HHH000489: No JTA platform available (set 'hibernate.transaction.jta.platform' to enable JTA platform integration)
2024-10-14 17:35:16 INFO  LocalContainerEntityManagerFactoryBean:437 - Initialized JPA EntityManagerFactory for persistence unit 'default'
2024-10-14 17:35:16 INFO  QueryEnhancerFactory:49 - Hibernate is in classpath; If applicable, HQL parser will be used.
2024-10-14 17:35:16 WARN  JpaBaseConfiguration$JpaWebConfiguration:236 - spring.jpa.open-in-view is enabled by default. Therefore, database queries may be performed during view rendering. Explicitly configure spring.jpa.open-in-view to disable this warning
2024-10-14 17:35:17 INFO  OptionalLiveReloadServer:59 - LiveReload server is running on port 35729
2024-10-14 17:35:17 INFO  Http11NioProtocol:173 - Starting ProtocolHandler ["http-nio-8080"]
2024-10-14 17:35:17 INFO  TomcatWebServer:243 - Tomcat started on port 8080 (http) with context path '/'
2024-10-14 17:35:17 INFO  SoccerApplication:56 - Started SoccerApplication in 4.474 seconds (process running for 6.003)
2024-10-14 17:35:24 INFO  [/]:173 - Initializing Spring DispatcherServlet 'dispatcherServlet'
2024-10-14 17:35:24 INFO  DispatcherServlet:532 - Initializing Servlet 'dispatcherServlet'
2024-10-14 17:35:24 INFO  DispatcherServlet:554 - Completed initialization in 1 ms
2024-10-14 17:35:24 INFO  LocalDevToolsAutoConfiguration$RestartingClassPathChangeChangedEventListener:211 - Restarting due to 28 class path changes (0 additions, 27 deletions, 1 modification)
2024-10-14 17:35:24 INFO  Http11NioProtocol:173 - Stopping ProtocolHandler ["http-nio-8080"]
2024-10-14 17:35:24 INFO  LocalContainerEntityManagerFactoryBean:650 - Closing JPA EntityManagerFactory for persistence unit 'default'
2024-10-14 17:35:24 INFO  HikariDataSource:349 - HikariPool-1 - Shutdown initiated...
2024-10-14 17:35:24 INFO  HikariDataSource:351 - HikariPool-1 - Shutdown completed.
2024-10-14 17:35:24 INFO  SoccerApplication:50 - Starting SoccerApplication using Java 23 with PID 8012 (C:\Users\User\Desktop\Soccer\Soccer\target\classes started by User in C:\Users\User\Desktop\Soccer)
2024-10-14 17:35:24 INFO  SoccerApplication:654 - No active profile set, falling back to 1 default profile: "default"
2024-10-14 17:35:25 INFO  RepositoryConfigurationDelegate:143 - Bootstrapping Spring Data JPA repositories in DEFAULT mode.
2024-10-14 17:35:25 INFO  RepositoryConfigurationDelegate:211 - Finished Spring Data repository scanning in 1 ms. Found 0 JPA repository interfaces.
2024-10-14 17:35:25 INFO  TomcatWebServer:111 - Tomcat initialized with port 8080 (http)
2024-10-14 17:35:25 INFO  Http11NioProtocol:173 - Initializing ProtocolHandler ["http-nio-8080"]
2024-10-14 17:35:25 INFO  StandardService:173 - Starting service [Tomcat]
2024-10-14 17:35:25 INFO  StandardEngine:173 - Starting Servlet engine: [Apache Tomcat/10.1.30]
2024-10-14 17:35:25 INFO  [/]:173 - Initializing Spring embedded WebApplicationContext
2024-10-14 17:35:25 INFO  ServletWebServerApplicationContext:296 - Root WebApplicationContext: initialization completed in 403 ms
2024-10-14 17:35:25 INFO  LogHelper:31 - HHH000204: Processing PersistenceUnitInfo [name: default]
2024-10-14 17:35:25 INFO  RegionFactoryInitiator:50 - HHH000026: Second-level cache disabled
2024-10-14 17:35:25 INFO  SpringPersistenceUnitInfo:87 - No LoadTimeWeaver setup: ignoring JPA class transformer
2024-10-14 17:35:25 INFO  HikariDataSource:109 - HikariPool-2 - Starting...
2024-10-14 17:35:25 INFO  HikariPool:554 - HikariPool-2 - Added connection com.mysql.cj.jdbc.ConnectionImpl@7a2728e6
2024-10-14 17:35:25 INFO  HikariDataSource:122 - HikariPool-2 - Start completed.
2024-10-14 17:35:25 WARN  deprecation:153 - HHH90000025: MySQLDialect does not need to be specified explicitly using 'hibernate.dialect' (remove the property setting and it will be selected by default)
2024-10-14 17:35:25 INFO  JtaPlatformInitiator:59 - HHH000489: No JTA platform available (set 'hibernate.transaction.jta.platform' to enable JTA platform integration)
2024-10-14 17:35:25 INFO  LocalContainerEntityManagerFactoryBean:437 - Initialized JPA EntityManagerFactory for persistence unit 'default'
2024-10-14 17:35:25 WARN  JpaBaseConfiguration$JpaWebConfiguration:236 - spring.jpa.open-in-view is enabled by default. Therefore, database queries may be performed during view rendering. Explicitly configure spring.jpa.open-in-view to disable this warning
2024-10-14 17:35:25 INFO  OptionalLiveReloadServer:59 - LiveReload server is running on port 35729
2024-10-14 17:35:25 INFO  Http11NioProtocol:173 - Starting ProtocolHandler ["http-nio-8080"]
2024-10-14 17:35:25 INFO  TomcatWebServer:243 - Tomcat started on port 8080 (http) with context path '/'
2024-10-14 17:35:25 INFO  SoccerApplication:56 - Started SoccerApplication in 0.918 seconds (process running for 14.535)
2024-10-14 17:35:25 INFO  ConditionEvaluationDeltaLoggingListener:58 - Condition evaluation delta:


==========================
CONDITION EVALUATION DELTA
==========================


Positive matches:
-----------------

    None


Negative matches:
-----------------

   MultipleOpenApiSupportConfiguration:
      Did not match:
         - AnyNestedCondition 0 matched 2 did not; NestedCondition on MultipleOpenApiSupportCondition.OnActuatorDifferentPort @ConditionalOnProperty (springdoc.show-actuator) did not find property 'springdoc.show-actuator'; NestedCondition on MultipleOpenApiSupportCondition.OnMultipleOpenApiSupportCondition AnyNestedCondition 0 matched 2 did not; NestedCondition on MultipleOpenApiGroupsCondition.OnGroupConfigProperty @ConditionalOnProperty (springdoc.group-configs[0].group) did not find property 'springdoc.group-configs[0].group'; NestedCondition on MultipleOpenApiGroupsCondition.OnGroupedOpenApiBean @ConditionalOnBean (types: org.springdoc.core.models.GroupedOpenApi; SearchStrategy: all) did not find any beans of type org.springdoc.core.models.GroupedOpenApi (MultipleOpenApiSupportCondition)
      Matched:
         - found 'session' scope (OnWebApplicationCondition)
         - @ConditionalOnProperty (springdoc.api-docs.enabled) matched (OnPropertyCondition)

   SpringDocConfiguration#springdocBeanFactoryPostProcessor:
      Did not match:
         - AnyNestedCondition 0 matched 2 did not; NestedCondition on CacheOrGroupedOpenApiCondition.OnCacheDisabled found non-matching nested conditions @ConditionalOnProperty (springdoc.cache.disabled) did not find property 'springdoc.cache.disabled'; NestedCondition on CacheOrGroupedOpenApiCondition.OnMultipleOpenApiSupportCondition AnyNestedCondition 0 matched 2 did not; NestedCondition on MultipleOpenApiSupportCondition.OnActuatorDifferentPort @ConditionalOnProperty (springdoc.show-actuator) did not find property 'springdoc.show-actuator'; NestedCondition on MultipleOpenApiSupportCondition.OnMultipleOpenApiSupportCondition AnyNestedCondition 0 matched 2 did not; NestedCondition on MultipleOpenApiGroupsCondition.OnGroupConfigProperty @ConditionalOnProperty (springdoc.group-configs[0].group) did not find property 'springdoc.group-configs[0].group'; NestedCondition on MultipleOpenApiGroupsCondition.OnGroupedOpenApiBean @ConditionalOnBean (types: org.springdoc.core.models.GroupedOpenApi; SearchStrategy: all) did not find any beans of type org.springdoc.core.models.GroupedOpenApi (CacheOrGroupedOpenApiCondition)
      Matched:
         - @ConditionalOnClass found required class 'org.springframework.boot.context.properties.bind.BindResult' (OnClassCondition)


Exclusions:
-----------

    None


Unconditional classes:
----------------------

    None



2024-10-14 17:35:27 INFO  LocalDevToolsAutoConfiguration$RestartingClassPathChangeChangedEventListener:211 - Restarting due to 27 class path changes (27 additions, 0 deletions, 0 modifications)
2024-10-14 17:35:27 INFO  Http11NioProtocol:173 - Stopping ProtocolHandler ["http-nio-8080"]
2024-10-14 17:35:27 INFO  LocalContainerEntityManagerFactoryBean:650 - Closing JPA EntityManagerFactory for persistence unit 'default'
2024-10-14 17:35:27 INFO  HikariDataSource:349 - HikariPool-2 - Shutdown initiated...
2024-10-14 17:35:27 INFO  HikariDataSource:351 - HikariPool-2 - Shutdown completed.
2024-10-14 17:35:27 INFO  SoccerApplication:50 - Starting SoccerApplication using Java 23 with PID 8012 (C:\Users\User\Desktop\Soccer\Soccer\target\classes started by User in C:\Users\User\Desktop\Soccer)
2024-10-14 17:35:27 INFO  SoccerApplication:654 - No active profile set, falling back to 1 default profile: "default"
2024-10-14 17:35:27 INFO  RepositoryConfigurationDelegate:143 - Bootstrapping Spring Data JPA repositories in DEFAULT mode.
2024-10-14 17:35:27 INFO  RepositoryConfigurationDelegate:211 - Finished Spring Data repository scanning in 11 ms. Found 3 JPA repository interfaces.
2024-10-14 17:35:27 INFO  TomcatWebServer:111 - Tomcat initialized with port 8080 (http)
2024-10-14 17:35:27 INFO  Http11NioProtocol:173 - Initializing ProtocolHandler ["http-nio-8080"]
2024-10-14 17:35:27 INFO  StandardService:173 - Starting service [Tomcat]
2024-10-14 17:35:27 INFO  StandardEngine:173 - Starting Servlet engine: [Apache Tomcat/10.1.30]
2024-10-14 17:35:27 INFO  [/]:173 - Initializing Spring embedded WebApplicationContext
2024-10-14 17:35:27 INFO  ServletWebServerApplicationContext:296 - Root WebApplicationContext: initialization completed in 388 ms
2024-10-14 17:35:27 INFO  LogHelper:31 - HHH000204: Processing PersistenceUnitInfo [name: default]
2024-10-14 17:35:27 INFO  RegionFactoryInitiator:50 - HHH000026: Second-level cache disabled
2024-10-14 17:35:27 INFO  SpringPersistenceUnitInfo:87 - No LoadTimeWeaver setup: ignoring JPA class transformer
2024-10-14 17:35:27 INFO  HikariDataSource:109 - HikariPool-3 - Starting...
2024-10-14 17:35:27 INFO  HikariPool:554 - HikariPool-3 - Added connection com.mysql.cj.jdbc.ConnectionImpl@afbf0fe
2024-10-14 17:35:27 INFO  HikariDataSource:122 - HikariPool-3 - Start completed.
2024-10-14 17:35:27 WARN  deprecation:153 - HHH90000025: MySQLDialect does not need to be specified explicitly using 'hibernate.dialect' (remove the property setting and it will be selected by default)
2024-10-14 17:35:27 INFO  JtaPlatformInitiator:59 - HHH000489: No JTA platform available (set 'hibernate.transaction.jta.platform' to enable JTA platform integration)
2024-10-14 17:35:27 INFO  LocalContainerEntityManagerFactoryBean:437 - Initialized JPA EntityManagerFactory for persistence unit 'default'
2024-10-14 17:35:28 WARN  JpaBaseConfiguration$JpaWebConfiguration:236 - spring.jpa.open-in-view is enabled by default. Therefore, database queries may be performed during view rendering. Explicitly configure spring.jpa.open-in-view to disable this warning
2024-10-14 17:35:28 INFO  OptionalLiveReloadServer:59 - LiveReload server is running on port 35729
2024-10-14 17:35:28 INFO  Http11NioProtocol:173 - Starting ProtocolHandler ["http-nio-8080"]
2024-10-14 17:35:28 INFO  TomcatWebServer:243 - Tomcat started on port 8080 (http) with context path '/'
2024-10-14 17:35:28 INFO  SoccerApplication:56 - Started SoccerApplication in 0.924 seconds (process running for 16.927)
2024-10-14 17:35:28 INFO  ConditionEvaluationDeltaLoggingListener:58 - Condition evaluation delta:


==========================
CONDITION EVALUATION DELTA
==========================


Positive matches:
-----------------

   MultipleOpenApiSupportConfiguration matched:
      - found 'session' scope (OnWebApplicationCondition)
      - @ConditionalOnProperty (springdoc.api-docs.enabled) matched (OnPropertyCondition)
      - AnyNestedCondition 1 matched 1 did not; NestedCondition on MultipleOpenApiSupportCondition.OnActuatorDifferentPort @ConditionalOnProperty (springdoc.show-actuator) did not find property 'springdoc.show-actuator'; NestedCondition on MultipleOpenApiSupportCondition.OnMultipleOpenApiSupportCondition AnyNestedCondition 1 matched 1 did not; NestedCondition on MultipleOpenApiGroupsCondition.OnGroupConfigProperty @ConditionalOnProperty (springdoc.group-configs[0].group) did not find property 'springdoc.group-configs[0].group'; NestedCondition on MultipleOpenApiGroupsCondition.OnGroupedOpenApiBean @ConditionalOnBean (types: org.springdoc.core.models.GroupedOpenApi; SearchStrategy: all) found bean 'publicApi' (MultipleOpenApiSupportCondition)

   MultipleOpenApiSupportConfiguration#multipleOpenApiResource matched:
      - @ConditionalOnProperty (springdoc.use-management-port=false) matched (OnPropertyCondition)
      - @ConditionalOnMissingBean (types: org.springdoc.webmvc.api.MultipleOpenApiWebMvcResource; SearchStrategy: all) did not find any beans (OnBeanCondition)

   SpringDocConfiguration#springdocBeanFactoryPostProcessor matched:
      - @ConditionalOnClass found required class 'org.springframework.boot.context.properties.bind.BindResult' (OnClassCondition)
      - AnyNestedCondition 1 matched 1 did not; NestedCondition on CacheOrGroupedOpenApiCondition.OnCacheDisabled found non-matching nested conditions @ConditionalOnProperty (springdoc.cache.disabled) did not find property 'springdoc.cache.disabled', @ConditionalOnMissingBean (types: org.springdoc.core.models.GroupedOpenApi; SearchStrategy: all) found beans of type 'org.springdoc.core.models.GroupedOpenApi' publicApi; NestedCondition on CacheOrGroupedOpenApiCondition.OnMultipleOpenApiSupportCondition AnyNestedCondition 1 matched 1 did not; NestedCondition on MultipleOpenApiSupportCondition.OnActuatorDifferentPort @ConditionalOnProperty (springdoc.show-actuator) did not find property 'springdoc.show-actuator'; NestedCondition on MultipleOpenApiSupportCondition.OnMultipleOpenApiSupportCondition AnyNestedCondition 1 matched 1 did not; NestedCondition on MultipleOpenApiGroupsCondition.OnGroupConfigProperty @ConditionalOnProperty (springdoc.group-configs[0].group) did not find property 'springdoc.group-configs[0].group'; NestedCondition on MultipleOpenApiGroupsCondition.OnGroupedOpenApiBean @ConditionalOnBean (types: org.springdoc.core.models.GroupedOpenApi; SearchStrategy: all) found bean 'publicApi' (CacheOrGroupedOpenApiCondition)


Negative matches:
-----------------

    None


Exclusions:
-----------

    None


Unconditional classes:
----------------------

    None



2024-10-14 17:35:39 INFO  [/]:173 - Initializing Spring DispatcherServlet 'dispatcherServlet'
2024-10-14 17:35:39 INFO  DispatcherServlet:532 - Initializing Servlet 'dispatcherServlet'
2024-10-14 17:35:39 INFO  DispatcherServlet:554 - Completed initialization in 1 ms
2024-10-14 17:36:56 INFO  LocalContainerEntityManagerFactoryBean:650 - Closing JPA EntityManagerFactory for persistence unit 'default'
2024-10-14 17:36:56 INFO  HikariDataSource:349 - HikariPool-3 - Shutdown initiated...
2024-10-14 17:36:56 INFO  HikariDataSource:351 - HikariPool-3 - Shutdown completed.
2024-10-14 17:36:59 INFO  SoccerApplication:50 - Starting SoccerApplication using Java 23 with PID 14804 (C:\Users\User\Desktop\Soccer\Soccer\target\classes started by User in C:\Users\User\Desktop\Soccer)
2024-10-14 17:36:59 INFO  SoccerApplication:654 - No active profile set, falling back to 1 default profile: "default"
2024-10-14 17:36:59 INFO  DevToolsPropertyDefaultsPostProcessor:252 - Devtools property defaults active! Set 'spring.devtools.add-properties' to 'false' to disable
2024-10-14 17:36:59 INFO  DevToolsPropertyDefaultsPostProcessor:252 - For additional web related logging consider setting the 'logging.level.web' property to 'DEBUG'
2024-10-14 17:36:59 INFO  RepositoryConfigurationDelegate:143 - Bootstrapping Spring Data JPA repositories in DEFAULT mode.
2024-10-14 17:36:59 INFO  RepositoryConfigurationDelegate:211 - Finished Spring Data repository scanning in 35 ms. Found 3 JPA repository interfaces.
2024-10-14 17:37:00 INFO  TomcatWebServer:111 - Tomcat initialized with port 8080 (http)
2024-10-14 17:37:00 INFO  Http11NioProtocol:173 - Initializing ProtocolHandler ["http-nio-8080"]
2024-10-14 17:37:00 INFO  StandardService:173 - Starting service [Tomcat]
2024-10-14 17:37:00 INFO  StandardEngine:173 - Starting Servlet engine: [Apache Tomcat/10.1.30]
2024-10-14 17:37:00 INFO  [/]:173 - Initializing Spring embedded WebApplicationContext
2024-10-14 17:37:00 INFO  ServletWebServerApplicationContext:296 - Root WebApplicationContext: initialization completed in 1051 ms
2024-10-14 17:37:00 INFO  LogHelper:31 - HHH000204: Processing PersistenceUnitInfo [name: default]
2024-10-14 17:37:00 INFO  Version:44 - HHH000412: Hibernate ORM core version 6.5.3.Final
2024-10-14 17:37:00 INFO  RegionFactoryInitiator:50 - HHH000026: Second-level cache disabled
2024-10-14 17:37:00 INFO  SpringPersistenceUnitInfo:87 - No LoadTimeWeaver setup: ignoring JPA class transformer
2024-10-14 17:37:00 INFO  HikariDataSource:109 - HikariPool-1 - Starting...
2024-10-14 17:37:01 INFO  HikariPool:554 - HikariPool-1 - Added connection com.mysql.cj.jdbc.ConnectionImpl@4cf382c8
2024-10-14 17:37:01 INFO  HikariDataSource:122 - HikariPool-1 - Start completed.
2024-10-14 17:37:01 WARN  deprecation:153 - HHH90000025: MySQLDialect does not need to be specified explicitly using 'hibernate.dialect' (remove the property setting and it will be selected by default)
2024-10-14 17:37:01 INFO  JtaPlatformInitiator:59 - HHH000489: No JTA platform available (set 'hibernate.transaction.jta.platform' to enable JTA platform integration)
2024-10-14 17:37:01 INFO  LocalContainerEntityManagerFactoryBean:437 - Initialized JPA EntityManagerFactory for persistence unit 'default'
2024-10-14 17:37:02 INFO  QueryEnhancerFactory:49 - Hibernate is in classpath; If applicable, HQL parser will be used.
2024-10-14 17:37:02 WARN  JpaBaseConfiguration$JpaWebConfiguration:236 - spring.jpa.open-in-view is enabled by default. Therefore, database queries may be performed during view rendering. Explicitly configure spring.jpa.open-in-view to disable this warning
2024-10-14 17:37:03 INFO  OptionalLiveReloadServer:59 - LiveReload server is running on port 35729
2024-10-14 17:37:03 INFO  Http11NioProtocol:173 - Starting ProtocolHandler ["http-nio-8080"]
2024-10-14 17:37:03 INFO  TomcatWebServer:243 - Tomcat started on port 8080 (http) with context path '/'
2024-10-14 17:37:03 INFO  SoccerApplication:56 - Started SoccerApplication in 4.118 seconds (process running for 5.0)
